  [1m[36m (1.0ms)[0m  [1mCREATE TABLE "schema_migrations" ("version" varchar NOT NULL) [0m
  [1m[35m (0.1ms)[0m  select sqlite_version(*)
  [1m[36m (0.8ms)[0m  [1mCREATE UNIQUE INDEX "unique_schema_migrations" ON "schema_migrations" ("version")[0m
  [1m[35mActiveRecord::SchemaMigration Load (0.1ms)[0m  SELECT "schema_migrations".* FROM "schema_migrations"
Migrating to CreateSandwiches (20160208151610)
  [1m[36m (0.1ms)[0m  [1mbegin transaction[0m
  [1m[35m (0.4ms)[0m  CREATE TABLE "sandwiches" ("id" INTEGER PRIMARY KEY AUTOINCREMENT NOT NULL, "name" varchar, "bread_type" varchar, "created_at" datetime NOT NULL, "updated_at" datetime NOT NULL) 
  [1m[36mSQL (0.2ms)[0m  [1mINSERT INTO "schema_migrations" ("version") VALUES (?)[0m  [["version", "20160208151610"]]
  [1m[35m (0.7ms)[0m  commit transaction
Migrating to CreateIngredients (20160208160157)
  [1m[36m (0.1ms)[0m  [1mbegin transaction[0m
  [1m[35m (0.4ms)[0m  CREATE TABLE "ingredients" ("id" INTEGER PRIMARY KEY AUTOINCREMENT NOT NULL, "name" varchar, "calories" integer, "created_at" datetime NOT NULL, "updated_at" datetime NOT NULL) 
  [1m[36mSQL (0.1ms)[0m  [1mINSERT INTO "schema_migrations" ("version") VALUES (?)[0m  [["version", "20160208160157"]]
  [1m[35m (0.7ms)[0m  commit transaction
Migrating to CreateSandwichIngredients (20160307134008)
  [1m[36m (0.1ms)[0m  [1mbegin transaction[0m
  [1m[35m (0.3ms)[0m  CREATE TABLE "sandwich_ingredients" ("id" INTEGER PRIMARY KEY AUTOINCREMENT NOT NULL, "ingredient_id" integer, "sandwich_id" integer, "created_at" datetime NOT NULL, "updated_at" datetime NOT NULL) 
  [1m[36m (0.1ms)[0m  [1mCREATE  INDEX "index_sandwich_ingredients_on_ingredient_id" ON "sandwich_ingredients" ("ingredient_id")[0m
  [1m[35m (0.5ms)[0m              SELECT sql
            FROM sqlite_master
            WHERE name='index_sandwich_ingredients_on_ingredient_id' AND type='index'
            UNION ALL
            SELECT sql
            FROM sqlite_temp_master
            WHERE name='index_sandwich_ingredients_on_ingredient_id' AND type='index'

  [1m[36m (0.1ms)[0m  [1mCREATE  INDEX "index_sandwich_ingredients_on_sandwich_id" ON "sandwich_ingredients" ("sandwich_id")[0m
  [1m[35mSQL (0.1ms)[0m  INSERT INTO "schema_migrations" ("version") VALUES (?)  [["version", "20160307134008"]]
  [1m[36m (0.8ms)[0m  [1mcommit transaction[0m
  [1m[35mActiveRecord::SchemaMigration Load (0.1ms)[0m  SELECT "schema_migrations".* FROM "schema_migrations"
  [1m[36m (0.1ms)[0m  [1m            SELECT sql
            FROM sqlite_master
            WHERE name='index_sandwich_ingredients_on_sandwich_id' AND type='index'
            UNION ALL
            SELECT sql
            FROM sqlite_temp_master
            WHERE name='index_sandwich_ingredients_on_sandwich_id' AND type='index'
[0m
  [1m[35m (0.1ms)[0m              SELECT sql
            FROM sqlite_master
            WHERE name='index_sandwich_ingredients_on_ingredient_id' AND type='index'
            UNION ALL
            SELECT sql
            FROM sqlite_temp_master
            WHERE name='index_sandwich_ingredients_on_ingredient_id' AND type='index'

  [1m[36mActiveRecord::SchemaMigration Load (0.1ms)[0m  [1mSELECT "schema_migrations".* FROM "schema_migrations"[0m
  [1m[35m (0.1ms)[0m  begin transaction
  [1m[36mSQL (0.4ms)[0m  [1mINSERT INTO "ingredients" ("name", "calories", "created_at", "updated_at") VALUES (?, ?, ?, ?)[0m  [["name", "Tomatoe"], ["calories", 5], ["created_at", "2016-03-07 14:54:11.585341"], ["updated_at", "2016-03-07 14:54:11.585341"]]
  [1m[35m (0.9ms)[0m  commit transaction
  [1m[36m (0.0ms)[0m  [1mbegin transaction[0m
  [1m[35mSQL (0.2ms)[0m  INSERT INTO "ingredients" ("name", "calories", "created_at", "updated_at") VALUES (?, ?, ?, ?)  [["name", "Bacon"], ["calories", 200], ["created_at", "2016-03-07 14:54:11.589631"], ["updated_at", "2016-03-07 14:54:11.589631"]]
  [1m[36m (0.8ms)[0m  [1mcommit transaction[0m
  [1m[35m (0.1ms)[0m  begin transaction
  [1m[36mSQL (0.2ms)[0m  [1mINSERT INTO "ingredients" ("name", "calories", "created_at", "updated_at") VALUES (?, ?, ?, ?)[0m  [["name", "Tofu"], ["calories", 20], ["created_at", "2016-03-07 14:54:11.592110"], ["updated_at", "2016-03-07 14:54:11.592110"]]
  [1m[35m (1.0ms)[0m  commit transaction
  [1m[36m (0.0ms)[0m  [1mbegin transaction[0m
  [1m[35mSQL (0.2ms)[0m  INSERT INTO "ingredients" ("name", "calories", "created_at", "updated_at") VALUES (?, ?, ?, ?)  [["name", "Carrot"], ["calories", 6], ["created_at", "2016-03-07 14:54:11.594590"], ["updated_at", "2016-03-07 14:54:11.594590"]]
  [1m[36m (0.7ms)[0m  [1mcommit transaction[0m
  [1m[35m (0.1ms)[0m  begin transaction
  [1m[36mSQL (0.3ms)[0m  [1mINSERT INTO "sandwiches" ("name", "bread_type", "created_at", "updated_at") VALUES (?, ?, ?, ?)[0m  [["name", "Normal"], ["bread_type", "Normal"], ["created_at", "2016-03-07 14:54:11.605735"], ["updated_at", "2016-03-07 14:54:11.605735"]]
  [1m[35m (0.7ms)[0m  commit transaction
  [1m[36m (0.0ms)[0m  [1mbegin transaction[0m
  [1m[35mSQL (0.2ms)[0m  INSERT INTO "sandwiches" ("name", "bread_type", "created_at", "updated_at") VALUES (?, ?, ?, ?)  [["name", "Vegetarian"], ["bread_type", "Seeds"], ["created_at", "2016-03-07 14:54:11.608464"], ["updated_at", "2016-03-07 14:54:11.608464"]]
  [1m[36m (2.7ms)[0m  [1mcommit transaction[0m
  [1m[36mActiveRecord::SchemaMigration Load (0.1ms)[0m  [1mSELECT "schema_migrations".* FROM "schema_migrations"[0m
Migrating to AddTotalCaloriesToSandwich (20160307145439)
  [1m[35m (0.1ms)[0m  begin transaction
  [1m[36m (0.5ms)[0m  [1mALTER TABLE "sandwiches" ADD "total_calories" integer[0m
  [1m[35mSQL (0.2ms)[0m  INSERT INTO "schema_migrations" ("version") VALUES (?)  [["version", "20160307145439"]]
  [1m[36m (1.5ms)[0m  [1mcommit transaction[0m
  [1m[35mActiveRecord::SchemaMigration Load (0.1ms)[0m  SELECT "schema_migrations".* FROM "schema_migrations"
  [1m[36m (0.1ms)[0m  [1m            SELECT sql
            FROM sqlite_master
            WHERE name='index_sandwich_ingredients_on_sandwich_id' AND type='index'
            UNION ALL
            SELECT sql
            FROM sqlite_temp_master
            WHERE name='index_sandwich_ingredients_on_sandwich_id' AND type='index'
[0m
  [1m[35m (0.2ms)[0m              SELECT sql
            FROM sqlite_master
            WHERE name='index_sandwich_ingredients_on_ingredient_id' AND type='index'
            UNION ALL
            SELECT sql
            FROM sqlite_temp_master
            WHERE name='index_sandwich_ingredients_on_ingredient_id' AND type='index'

  [1m[36mIngredient Load (1.0ms)[0m  [1mSELECT "ingredients".* FROM "ingredients"[0m
  [1m[35mIngredient Load (0.3ms)[0m  SELECT  "ingredients".* FROM "ingredients"  ORDER BY "ingredients"."id" ASC LIMIT 1
  [1m[36mIngredient Load (0.1ms)[0m  [1mSELECT  "ingredients".* FROM "ingredients"  ORDER BY "ingredients"."id" ASC LIMIT 1[0m
  [1m[35mSandwich Load (0.2ms)[0m  SELECT  "sandwiches".* FROM "sandwiches" WHERE "sandwiches"."id" = ? LIMIT 1  [["id", 1]]
  [1m[36mSandwich Load (0.2ms)[0m  [1mSELECT  "sandwiches".* FROM "sandwiches" WHERE "sandwiches"."id" = ? LIMIT 1[0m  [["id", 1]]
  [1m[35mIngredient Load (0.2ms)[0m  SELECT "ingredients".* FROM "ingredients" INNER JOIN "sandwich_ingredients" ON "ingredients"."id" = "sandwich_ingredients"."ingredient_id" WHERE "sandwich_ingredients"."sandwich_id" = ?  [["sandwich_id", 1]]
  [1m[36mIngredient Load (0.2ms)[0m  [1mSELECT "ingredients".* FROM "ingredients"[0m
  [1m[35mSandwichIngredient Load (0.2ms)[0m  SELECT "sandwich_ingredients".* FROM "sandwich_ingredients"


Started GET "/" for ::1 at 2016-03-07 16:04:18 +0100
  [1m[36mActiveRecord::SchemaMigration Load (0.1ms)[0m  [1mSELECT "schema_migrations".* FROM "schema_migrations"[0m
Processing by Rails::WelcomeController#index as */*
  Rendered /Library/Ruby/Gems/2.0.0/gems/railties-4.2.5/lib/rails/templates/rails/welcome/index.html.erb (1.1ms)
Completed 200 OK in 8ms (Views: 8.3ms | ActiveRecord: 0.0ms)


Started POST "/sandwiches/1/ingredients/1/add" for ::1 at 2016-03-07 16:05:04 +0100
Processing by SandwichesController#add_ingredient as */*
  Parameters: {"task"=>{"name"=>"mamam", "due_date"=>"time"}, "sandwich_id"=>"1", "ingredient_id"=>"1"}
Can't verify CSRF token authenticity
  [1m[35mSandwich Load (0.2ms)[0m  SELECT  "sandwiches".* FROM "sandwiches" WHERE "sandwiches"."id" = ? LIMIT 1  [["id", 1]]
  [1m[36mIngredient Load (0.1ms)[0m  [1mSELECT  "ingredients".* FROM "ingredients" WHERE "ingredients"."id" = ? LIMIT 1[0m  [["id", 1]]
  [1m[35m (0.0ms)[0m  begin transaction
  [1m[36mSQL (0.4ms)[0m  [1mINSERT INTO "sandwich_ingredients" ("sandwich_id", "ingredient_id", "created_at", "updated_at") VALUES (?, ?, ?, ?)[0m  [["sandwich_id", 1], ["ingredient_id", 1], ["created_at", "2016-03-07 15:05:04.906245"], ["updated_at", "2016-03-07 15:05:04.906245"]]
  [1m[35m (0.7ms)[0m  commit transaction
  [1m[36m (0.2ms)[0m  [1mSELECT COUNT(*) FROM "ingredients" INNER JOIN "sandwich_ingredients" ON "ingredients"."id" = "sandwich_ingredients"."ingredient_id" WHERE "sandwich_ingredients"."sandwich_id" = ?[0m  [["sandwich_id", 1]]
  [1m[35mIngredient Load (0.1ms)[0m  SELECT "ingredients".* FROM "ingredients" INNER JOIN "sandwich_ingredients" ON "ingredients"."id" = "sandwich_ingredients"."ingredient_id" WHERE "sandwich_ingredients"."sandwich_id" = ?  [["sandwich_id", 1]]
Completed 200 OK in 93ms (Views: 39.0ms | ActiveRecord: 2.6ms)


Started POST "/sandwiches/1/ingredients/2/add" for ::1 at 2016-03-07 16:05:12 +0100
Processing by SandwichesController#add_ingredient as */*
  Parameters: {"task"=>{"name"=>"mamam", "due_date"=>"time"}, "sandwich_id"=>"1", "ingredient_id"=>"2"}
Can't verify CSRF token authenticity
  [1m[36mSandwich Load (0.1ms)[0m  [1mSELECT  "sandwiches".* FROM "sandwiches" WHERE "sandwiches"."id" = ? LIMIT 1[0m  [["id", 1]]
  [1m[35mIngredient Load (0.1ms)[0m  SELECT  "ingredients".* FROM "ingredients" WHERE "ingredients"."id" = ? LIMIT 1  [["id", 2]]
  [1m[36m (0.1ms)[0m  [1mbegin transaction[0m
  [1m[35mSQL (1.9ms)[0m  INSERT INTO "sandwich_ingredients" ("sandwich_id", "ingredient_id", "created_at", "updated_at") VALUES (?, ?, ?, ?)  [["sandwich_id", 1], ["ingredient_id", 2], ["created_at", "2016-03-07 15:05:12.658125"], ["updated_at", "2016-03-07 15:05:12.658125"]]
  [1m[36m (1.5ms)[0m  [1mcommit transaction[0m
  [1m[35m (0.1ms)[0m  SELECT COUNT(*) FROM "ingredients" INNER JOIN "sandwich_ingredients" ON "ingredients"."id" = "sandwich_ingredients"."ingredient_id" WHERE "sandwich_ingredients"."sandwich_id" = ?  [["sandwich_id", 1]]
  [1m[36mIngredient Load (0.1ms)[0m  [1mSELECT "ingredients".* FROM "ingredients" INNER JOIN "sandwich_ingredients" ON "ingredients"."id" = "sandwich_ingredients"."ingredient_id" WHERE "sandwich_ingredients"."sandwich_id" = ?[0m  [["sandwich_id", 1]]
Completed 200 OK in 13ms (Views: 2.5ms | ActiveRecord: 4.0ms)
  [1m[36mSandwich Load (0.1ms)[0m  [1mSELECT  "sandwiches".* FROM "sandwiches" WHERE "sandwiches"."id" = ? LIMIT 1[0m  [["id", 1]]
  [1m[35mIngredient Load (0.2ms)[0m  SELECT "ingredients".* FROM "ingredients" INNER JOIN "sandwich_ingredients" ON "ingredients"."id" = "sandwich_ingredients"."ingredient_id" WHERE "sandwich_ingredients"."sandwich_id" = ?  [["sandwich_id", 1]]


Started POST "/sandwiches/1/ingredients/3/add" for ::1 at 2016-03-07 16:23:31 +0100
Processing by SandwichesController#add_ingredient as */*
  Parameters: {"task"=>{"name"=>"mamam", "due_date"=>"time"}, "sandwich_id"=>"1", "ingredient_id"=>"3"}
Can't verify CSRF token authenticity
  [1m[35mSandwich Load (0.7ms)[0m  SELECT  "sandwiches".* FROM "sandwiches" WHERE "sandwiches"."id" = ? LIMIT 1  [["id", 1]]
  [1m[36mIngredient Load (0.5ms)[0m  [1mSELECT  "ingredients".* FROM "ingredients" WHERE "ingredients"."id" = ? LIMIT 1[0m  [["id", 3]]
  [1m[35mIngredient Load (0.8ms)[0m  SELECT "ingredients".* FROM "ingredients" INNER JOIN "sandwich_ingredients" ON "ingredients"."id" = "sandwich_ingredients"."ingredient_id" WHERE "sandwich_ingredients"."sandwich_id" = ?  [["sandwich_id", 1]]
Completed 500 Internal Server Error in 44ms (ActiveRecord: 3.9ms)

NoMethodError (undefined method `+' for #<Ingredient:0x007fbc71452998>):
  app/controllers/sandwiches_controller.rb:61:in `block in add_ingredient'
  app/controllers/sandwiches_controller.rb:60:in `add_ingredient'


  Rendered /Library/Ruby/Gems/2.0.0/gems/actionpack-4.2.5/lib/action_dispatch/middleware/templates/rescues/_source.erb (5.2ms)
  Rendered /Library/Ruby/Gems/2.0.0/gems/actionpack-4.2.5/lib/action_dispatch/middleware/templates/rescues/_trace.html.erb (2.1ms)
  Rendered /Library/Ruby/Gems/2.0.0/gems/actionpack-4.2.5/lib/action_dispatch/middleware/templates/rescues/_request_and_response.html.erb (0.9ms)
  Rendered /Library/Ruby/Gems/2.0.0/gems/actionpack-4.2.5/lib/action_dispatch/middleware/templates/rescues/diagnostics.html.erb within rescues/layout (20.9ms)
  Rendered /Library/Ruby/Gems/2.0.0/gems/web-console-2.3.0/lib/web_console/templates/_markup.html.erb (0.4ms)
  Rendered /Library/Ruby/Gems/2.0.0/gems/web-console-2.3.0/lib/web_console/templates/_inner_console_markup.html.erb within layouts/inlined_string (0.3ms)
  Rendered /Library/Ruby/Gems/2.0.0/gems/web-console-2.3.0/lib/web_console/templates/_prompt_box_markup.html.erb within layouts/inlined_string (0.5ms)
  Rendered /Library/Ruby/Gems/2.0.0/gems/web-console-2.3.0/lib/web_console/templates/style.css.erb within layouts/inlined_string (0.5ms)
  Rendered /Library/Ruby/Gems/2.0.0/gems/web-console-2.3.0/lib/web_console/templates/console.js.erb within layouts/javascript (24.4ms)
  Rendered /Library/Ruby/Gems/2.0.0/gems/web-console-2.3.0/lib/web_console/templates/main.js.erb within layouts/javascript (0.3ms)
  Rendered /Library/Ruby/Gems/2.0.0/gems/web-console-2.3.0/lib/web_console/templates/error_page.js.erb within layouts/javascript (0.4ms)
  Rendered /Library/Ruby/Gems/2.0.0/gems/web-console-2.3.0/lib/web_console/templates/index.html.erb (44.6ms)


Started POST "/sandwiches/1/ingredients/3/add" for ::1 at 2016-03-07 16:23:54 +0100
Processing by SandwichesController#add_ingredient as */*
  Parameters: {"task"=>{"name"=>"mamam", "due_date"=>"time"}, "sandwich_id"=>"1", "ingredient_id"=>"3"}
Can't verify CSRF token authenticity
  [1m[36mSandwich Load (0.1ms)[0m  [1mSELECT  "sandwiches".* FROM "sandwiches" WHERE "sandwiches"."id" = ? LIMIT 1[0m  [["id", 1]]
  [1m[35mIngredient Load (0.1ms)[0m  SELECT  "ingredients".* FROM "ingredients" WHERE "ingredients"."id" = ? LIMIT 1  [["id", 3]]
  [1m[36mIngredient Load (0.2ms)[0m  [1mSELECT "ingredients".* FROM "ingredients" INNER JOIN "sandwich_ingredients" ON "ingredients"."id" = "sandwich_ingredients"."ingredient_id" WHERE "sandwich_ingredients"."sandwich_id" = ?[0m  [["sandwich_id", 1]]
Completed 500 Internal Server Error in 78ms (ActiveRecord: 1.6ms)

NoMethodError (undefined method `+' for #<Ingredient:0x007fbc6c65d350>):
  app/controllers/sandwiches_controller.rb:61:in `block in add_ingredient'
  app/controllers/sandwiches_controller.rb:60:in `add_ingredient'


  Rendered /Library/Ruby/Gems/2.0.0/gems/actionpack-4.2.5/lib/action_dispatch/middleware/templates/rescues/_source.erb (4.0ms)
  Rendered /Library/Ruby/Gems/2.0.0/gems/actionpack-4.2.5/lib/action_dispatch/middleware/templates/rescues/_trace.html.erb (1.7ms)
  Rendered /Library/Ruby/Gems/2.0.0/gems/actionpack-4.2.5/lib/action_dispatch/middleware/templates/rescues/_request_and_response.html.erb (1.1ms)
  Rendered /Library/Ruby/Gems/2.0.0/gems/actionpack-4.2.5/lib/action_dispatch/middleware/templates/rescues/diagnostics.html.erb within rescues/layout (15.7ms)
  Rendered /Library/Ruby/Gems/2.0.0/gems/web-console-2.3.0/lib/web_console/templates/_markup.html.erb (0.3ms)
  Rendered /Library/Ruby/Gems/2.0.0/gems/web-console-2.3.0/lib/web_console/templates/_inner_console_markup.html.erb within layouts/inlined_string (0.2ms)
  Rendered /Library/Ruby/Gems/2.0.0/gems/web-console-2.3.0/lib/web_console/templates/_prompt_box_markup.html.erb within layouts/inlined_string (0.2ms)
  Rendered /Library/Ruby/Gems/2.0.0/gems/web-console-2.3.0/lib/web_console/templates/style.css.erb within layouts/inlined_string (0.2ms)
  Rendered /Library/Ruby/Gems/2.0.0/gems/web-console-2.3.0/lib/web_console/templates/console.js.erb within layouts/javascript (10.6ms)
  Rendered /Library/Ruby/Gems/2.0.0/gems/web-console-2.3.0/lib/web_console/templates/main.js.erb within layouts/javascript (0.2ms)
  Rendered /Library/Ruby/Gems/2.0.0/gems/web-console-2.3.0/lib/web_console/templates/error_page.js.erb within layouts/javascript (0.4ms)
  Rendered /Library/Ruby/Gems/2.0.0/gems/web-console-2.3.0/lib/web_console/templates/index.html.erb (23.1ms)


Started POST "/sandwiches/1/ingredients/3/add" for ::1 at 2016-03-07 16:25:22 +0100
Processing by SandwichesController#add_ingredient as */*
  Parameters: {"task"=>{"name"=>"mamam", "due_date"=>"time"}, "sandwich_id"=>"1", "ingredient_id"=>"3"}
Can't verify CSRF token authenticity
  [1m[35mSandwich Load (0.1ms)[0m  SELECT  "sandwiches".* FROM "sandwiches" WHERE "sandwiches"."id" = ? LIMIT 1  [["id", 1]]
  [1m[36mIngredient Load (0.1ms)[0m  [1mSELECT  "ingredients".* FROM "ingredients" WHERE "ingredients"."id" = ? LIMIT 1[0m  [["id", 3]]
  [1m[35m (0.2ms)[0m  SELECT "ingredients"."calories" FROM "ingredients" INNER JOIN "sandwich_ingredients" ON "ingredients"."id" = "sandwich_ingredients"."ingredient_id" WHERE "sandwich_ingredients"."sandwich_id" = ?  [["sandwich_id", 1]]
  [1m[36m (0.1ms)[0m  [1mbegin transaction[0m
  [1m[35mSQL (0.4ms)[0m  UPDATE "sandwiches" SET "total_calories" = ?, "updated_at" = ? WHERE "sandwiches"."id" = ?  [["total_calories", 205], ["updated_at", "2016-03-07 15:25:22.818319"], ["id", 1]]
  [1m[36m (0.7ms)[0m  [1mcommit transaction[0m
  [1m[35m (0.0ms)[0m  begin transaction
  [1m[36mSQL (0.3ms)[0m  [1mINSERT INTO "sandwich_ingredients" ("sandwich_id", "ingredient_id", "created_at", "updated_at") VALUES (?, ?, ?, ?)[0m  [["sandwich_id", 1], ["ingredient_id", 3], ["created_at", "2016-03-07 15:25:22.826825"], ["updated_at", "2016-03-07 15:25:22.826825"]]
  [1m[35m (0.7ms)[0m  commit transaction
  [1m[36m (0.2ms)[0m  [1mSELECT COUNT(*) FROM "ingredients" INNER JOIN "sandwich_ingredients" ON "ingredients"."id" = "sandwich_ingredients"."ingredient_id" WHERE "sandwich_ingredients"."sandwich_id" = ?[0m  [["sandwich_id", 1]]
  [1m[35mIngredient Load (0.2ms)[0m  SELECT "ingredients".* FROM "ingredients" INNER JOIN "sandwich_ingredients" ON "ingredients"."id" = "sandwich_ingredients"."ingredient_id" WHERE "sandwich_ingredients"."sandwich_id" = ?  [["sandwich_id", 1]]
Completed 200 OK in 36ms (Views: 3.6ms | ActiveRecord: 3.9ms)


Started POST "/sandwiches/1/ingredients/4/add" for ::1 at 2016-03-07 16:26:01 +0100
Processing by SandwichesController#add_ingredient as */*
  Parameters: {"task"=>{"name"=>"mamam", "due_date"=>"time"}, "sandwich_id"=>"1", "ingredient_id"=>"4"}
Can't verify CSRF token authenticity
  [1m[36mSandwich Load (0.1ms)[0m  [1mSELECT  "sandwiches".* FROM "sandwiches" WHERE "sandwiches"."id" = ? LIMIT 1[0m  [["id", 1]]
  [1m[35mIngredient Load (0.2ms)[0m  SELECT  "ingredients".* FROM "ingredients" WHERE "ingredients"."id" = ? LIMIT 1  [["id", 4]]
  [1m[36m (0.0ms)[0m  [1mbegin transaction[0m
  [1m[35mSQL (0.4ms)[0m  INSERT INTO "sandwich_ingredients" ("sandwich_id", "ingredient_id", "created_at", "updated_at") VALUES (?, ?, ?, ?)  [["sandwich_id", 1], ["ingredient_id", 4], ["created_at", "2016-03-07 15:26:02.081608"], ["updated_at", "2016-03-07 15:26:02.081608"]]
  [1m[36m (0.7ms)[0m  [1mcommit transaction[0m
  [1m[35m (0.2ms)[0m  SELECT "ingredients"."calories" FROM "ingredients" INNER JOIN "sandwich_ingredients" ON "ingredients"."id" = "sandwich_ingredients"."ingredient_id" WHERE "sandwich_ingredients"."sandwich_id" = ?  [["sandwich_id", 1]]
  [1m[36m (0.1ms)[0m  [1mbegin transaction[0m
  [1m[35mSQL (0.3ms)[0m  UPDATE "sandwiches" SET "total_calories" = ?, "updated_at" = ? WHERE "sandwiches"."id" = ?  [["total_calories", 231], ["updated_at", "2016-03-07 15:26:02.085852"], ["id", 1]]
  [1m[36m (0.6ms)[0m  [1mcommit transaction[0m
  [1m[35m (0.2ms)[0m  SELECT COUNT(*) FROM "ingredients" INNER JOIN "sandwich_ingredients" ON "ingredients"."id" = "sandwich_ingredients"."ingredient_id" WHERE "sandwich_ingredients"."sandwich_id" = ?  [["sandwich_id", 1]]
  [1m[36mIngredient Load (0.2ms)[0m  [1mSELECT "ingredients".* FROM "ingredients" INNER JOIN "sandwich_ingredients" ON "ingredients"."id" = "sandwich_ingredients"."ingredient_id" WHERE "sandwich_ingredients"."sandwich_id" = ?[0m  [["sandwich_id", 1]]
Completed 200 OK in 36ms (Views: 3.7ms | ActiveRecord: 3.8ms)
